# JRE version: Java(TM) SE Runtime Environment (8.0_60-b27) (build 1.8.0_60-b27)
# Java VM: Java HotSpot(TM) Client VM (25.60-b23 mixed mode, sharing windows-x86 )
Heap:
 def new generation   total 8640K, used 1174K [0x04800000, 0x05160000, 0x09d50000)
  eden space 7680K,   2% used [0x04800000, 0x04835b68, 0x04f80000)
  from space 960K, 100% used [0x04f80000, 0x05070000, 0x05070000)
  to   space 960K,   0% used [0x05070000, 0x05070000, 0x05160000)
 tenured generation   total 19096K, used 18719K [0x09d50000, 0x0aff6000, 0x14800000)
   the space 19096K,  98% used [0x09d50000, 0x0af97ce8, 0x0af97e00, 0x0aff6000)
 Metaspace       used 12759K, capacity 13518K, committed 13568K, reserved 13696K
GC Heap History (10 events):
Event: 2.334 GC heap before
{Heap before GC invocations=10 (full 0):
 def new generation   total 4928K, used 4924K [0x04800000, 0x04d50000, 0x09d50000)
  eden space 4416K,  99% used [0x04800000, 0x04c4f2d0, 0x04c50000)
  from space 512K, 100% used [0x04c50000, 0x04cd0000, 0x04cd0000)
  to   space 512K,   0% used [0x04cd0000, 0x04cd0000, 0x04d50000)
 tenured generation   total 10944K, used 10404K [0x09d50000, 0x0a800000, 0x14800000)
   the space 10944K,  95% used [0x09d50000, 0x0a7791a8, 0x0a779200, 0x0a800000)
 Metaspace       used 9646K, capacity 10272K, committed 10368K, reserved 10624K
Event: 2.356 GC heap after
Heap after GC invocations=11 (full 1):
 def new generation   total 8640K, used 490K [0x04800000, 0x05160000, 0x09d50000)
  eden space 7680K,   6% used [0x04800000, 0x0487ab40, 0x04f80000)
  from space 960K,   0% used [0x04f80000, 0x04f80000, 0x05070000)
  to   space 960K,   0% used [0x05070000, 0x05070000, 0x05160000)
 tenured generation   total 19096K, used 11455K [0x09d50000, 0x0aff6000, 0x14800000)
   the space 19096K,  59% used [0x09d50000, 0x0a87ffc8, 0x0a880000, 0x0aff6000)
 Metaspace       used 9646K, capacity 10272K, committed 10368K, reserved 10624K
}
Event: 2.471 GC heap before
{Heap before GC invocations=11 (full 1):
 def new generation   total 8640K, used 7680K [0x04800000, 0x05160000, 0x09d50000)
  eden space 7680K, 100% used [0x04800000, 0x04f80000, 0x04f80000)
  from space 960K,   0% used [0x04f80000, 0x04f80000, 0x05070000)
  to   space 960K,   0% used [0x05070000, 0x05070000, 0x05160000)
 tenured generation   total 19096K, used 11455K [0x09d50000, 0x0aff6000, 0x14800000)
   the space 19096K,  59% used [0x09d50000, 0x0a87ffc8, 0x0a880000, 0x0aff6000)
 Metaspace       used 10820K, capacity 11456K, committed 11520K, reserved 11648K
Event: 2.477 GC heap after
Heap after GC invocations=12 (full 1):
 def new generation   total 8640K, used 959K [0x04800000, 0x05160000, 0x09d50000)
  eden space 7680K,   0% used [0x04800000, 0x04800000, 0x04f80000)
  from space 960K,  99% used [0x05070000, 0x0515fff8, 0x05160000)
  to   space 960K,   0% used [0x04f80000, 0x04f80000, 0x05070000)
 tenured generation   total 19096K, used 12609K [0x09d50000, 0x0aff6000, 0x14800000)
   the space 19096K,  66% used [0x09d50000, 0x0a9a06c0, 0x0a9a0800, 0x0aff6000)
 Metaspace       used 10820K, capacity 11456K, committed 11520K, reserved 11648K
}
Event: 2.562 GC heap before
{Heap before GC invocations=12 (full 1):
 def new generation   total 8640K, used 8125K [0x04800000, 0x05160000, 0x09d50000)
  eden space 7680K,  93% used [0x04800000, 0x04eff760, 0x04f80000)
  from space 960K,  99% used [0x05070000, 0x0515fff8, 0x05160000)
  to   space 960K,   0% used [0x04f80000, 0x04f80000, 0x05070000)
 tenured generation   total 19096K, used 12609K [0x09d50000, 0x0aff6000, 0x14800000)
   the space 19096K,  66% used [0x09d50000, 0x0a9a06c0, 0x0a9a0800, 0x0aff6000)
 Metaspace       used 11489K, capacity 12171K, committed 12288K, reserved 12672K
Event: 2.566 GC heap after
Heap after GC invocations=13 (full 1):
 def new generation   total 8640K, used 868K [0x04800000, 0x05160000, 0x09d50000)
  eden space 7680K,   0% used [0x04800000, 0x04800000, 0x04f80000)
  from space 960K,  90% used [0x04f80000, 0x050592c0, 0x05070000)
  to   space 960K,   0% used [0x05070000, 0x05070000, 0x05160000)
 tenured generation   total 19096K, used 15272K [0x09d50000, 0x0aff6000, 0x14800000)
   the space 19096K,  79% used [0x09d50000, 0x0ac3a050, 0x0ac3a200, 0x0aff6000)
 Metaspace       used 11489K, capacity 12171K, committed 12288K, reserved 12672K
}
Event: 2.644 GC heap before
{Heap before GC invocations=13 (full 1):
 def new generation   total 8640K, used 8548K [0x04800000, 0x05160000, 0x09d50000)
  eden space 7680K, 100% used [0x04800000, 0x04f80000, 0x04f80000)
  from space 960K,  90% used [0x04f80000, 0x050592c0, 0x05070000)
  to   space 960K,   0% used [0x05070000, 0x05070000, 0x05160000)
 tenured generation   total 19096K, used 15272K [0x09d50000, 0x0aff6000, 0x14800000)
   the space 19096K,  79% used [0x09d50000, 0x0ac3a050, 0x0ac3a200, 0x0aff6000)
 Metaspace       used 11915K, capacity 12695K, committed 12800K, reserved 13696K
Event: 2.650 GC heap after
Heap after GC invocations=14 (full 1):
 def new generation   total 8640K, used 960K [0x04800000, 0x05160000, 0x09d50000)
  eden space 7680K,   0% used [0x04800000, 0x04800000, 0x04f80000)
  from space 960K, 100% used [0x05070000, 0x05160000, 0x05160000)
  to   space 960K,   0% used [0x04f80000, 0x04f80000, 0x05070000)
 tenured generation   total 19096K, used 17258K [0x09d50000, 0x0aff6000, 0x14800000)
   the space 19096K,  90% used [0x09d50000, 0x0ae2ab50, 0x0ae2ac00, 0x0aff6000)
 Metaspace       used 11915K, capacity 12695K, committed 12800K, reserved 13696K
}
Event: 4.716 GC heap before
{Heap before GC invocations=14 (full 1):
 def new generation   total 8640K, used 8640K [0x04800000, 0x05160000, 0x09d50000)
  eden space 7680K, 100% used [0x04800000, 0x04f80000, 0x04f80000)
  from space 960K, 100% used [0x05070000, 0x05160000, 0x05160000)
  to   space 960K,   0% used [0x04f80000, 0x04f80000, 0x05070000)
 tenured generation   total 19096K, used 17258K [0x09d50000, 0x0aff6000, 0x14800000)
   the space 19096K,  90% used [0x09d50000, 0x0ae2ab50, 0x0ae2ac00, 0x0aff6000)
 Metaspace       used 12759K, capacity 13518K, committed 13568K, reserved 13696K
Event: 4.722 GC heap after
Heap after GC invocations=15 (full 1):
 def new generation   total 8640K, used 960K [0x04800000, 0x05160000, 0x09d50000)
  eden space 7680K,   0% used [0x04800000, 0x04800000, 0x04f80000)
  from space 960K, 100% used [0x04f80000, 0x05070000, 0x05070000)
  to   space 960K,   0% used [0x05070000, 0x05070000, 0x05160000)
 tenured generation   total 19096K, used 18719K [0x09d50000, 0x0aff6000, 0x14800000)
   the space 19096K,  98% used [0x09d50000, 0x0af97ce8, 0x0af97e00, 0x0aff6000)
 Metaspace       used 12759K, capacity 13518K, committed 13568K, reserved 13696K
}

