# JRE version: Java(TM) SE Runtime Environment (8.0_60-b27) (build 1.8.0_60-b27)
# Java VM: Java HotSpot(TM) Client VM (25.60-b23 mixed mode windows-x86 )
Heap:
 def new generation   total 9408K, used 3522K [0x04a00000, 0x05430000, 0x09f50000)
  eden space 8384K,  42% used [0x04a00000, 0x04d70530, 0x05230000)
  from space 1024K,   0% used [0x05230000, 0x052305d8, 0x05330000)
  to   space 1024K,   0% used [0x05330000, 0x05330000, 0x05430000)
 tenured generation   total 20724K, used 12042K [0x09f50000, 0x0b38d000, 0x14a00000)
   the space 20724K,  58% used [0x09f50000, 0x0ab12940, 0x0ab12a00, 0x0b38d000)
 Metaspace       used 13494K, capacity 14252K, committed 14336K, reserved 14720K
GC Heap History (10 events):
Event: 86.804 GC heap before
{Heap before GC invocations=2443 (full 10):
 def new generation   total 9408K, used 8385K [0x04a00000, 0x05430000, 0x09f50000)
  eden space 8384K, 100% used [0x04a00000, 0x05230000, 0x05230000)
  from space 1024K,   0% used [0x05330000, 0x05330620, 0x05430000)
  to   space 1024K,   0% used [0x05230000, 0x05230000, 0x05330000)
 tenured generation   total 20724K, used 12042K [0x09f50000, 0x0b38d000, 0x14a00000)
   the space 20724K,  58% used [0x09f50000, 0x0ab12940, 0x0ab12a00, 0x0b38d000)
 Metaspace       used 13494K, capacity 14252K, committed 14336K, reserved 14720K
Event: 86.804 GC heap after
Heap after GC invocations=2444 (full 10):
 def new generation   total 9408K, used 1K [0x04a00000, 0x05430000, 0x09f50000)
  eden space 8384K,   0% used [0x04a00000, 0x04a00000, 0x05230000)
  from space 1024K,   0% used [0x05230000, 0x05230580, 0x05330000)
  to   space 1024K,   0% used [0x05330000, 0x05330000, 0x05430000)
 tenured generation   total 20724K, used 12042K [0x09f50000, 0x0b38d000, 0x14a00000)
   the space 20724K,  58% used [0x09f50000, 0x0ab12940, 0x0ab12a00, 0x0b38d000)
 Metaspace       used 13494K, capacity 14252K, committed 14336K, reserved 14720K
}
Event: 86.823 GC heap before
{Heap before GC invocations=2444 (full 10):
 def new generation   total 9408K, used 8385K [0x04a00000, 0x05430000, 0x09f50000)
  eden space 8384K, 100% used [0x04a00000, 0x05230000, 0x05230000)
  from space 1024K,   0% used [0x05230000, 0x05230580, 0x05330000)
  to   space 1024K,   0% used [0x05330000, 0x05330000, 0x05430000)
 tenured generation   total 20724K, used 12042K [0x09f50000, 0x0b38d000, 0x14a00000)
   the space 20724K,  58% used [0x09f50000, 0x0ab12940, 0x0ab12a00, 0x0b38d000)
 Metaspace       used 13494K, capacity 14252K, committed 14336K, reserved 14720K
Event: 86.824 GC heap after
Heap after GC invocations=2445 (full 10):
 def new generation   total 9408K, used 1K [0x04a00000, 0x05430000, 0x09f50000)
  eden space 8384K,   0% used [0x04a00000, 0x04a00000, 0x05230000)
  from space 1024K,   0% used [0x05330000, 0x05330688, 0x05430000)
  to   space 1024K,   0% used [0x05230000, 0x05230000, 0x05330000)
 tenured generation   total 20724K, used 12042K [0x09f50000, 0x0b38d000, 0x14a00000)
   the space 20724K,  58% used [0x09f50000, 0x0ab12940, 0x0ab12a00, 0x0b38d000)
 Metaspace       used 13494K, capacity 14252K, committed 14336K, reserved 14720K
}
Event: 86.842 GC heap before
{Heap before GC invocations=2445 (full 10):
 def new generation   total 9408K, used 8385K [0x04a00000, 0x05430000, 0x09f50000)
  eden space 8384K, 100% used [0x04a00000, 0x05230000, 0x05230000)
  from space 1024K,   0% used [0x05330000, 0x05330688, 0x05430000)
  to   space 1024K,   0% used [0x05230000, 0x05230000, 0x05330000)
 tenured generation   total 20724K, used 12042K [0x09f50000, 0x0b38d000, 0x14a00000)
   the space 20724K,  58% used [0x09f50000, 0x0ab12940, 0x0ab12a00, 0x0b38d000)
 Metaspace       used 13494K, capacity 14252K, committed 14336K, reserved 14720K
Event: 86.842 GC heap after
Heap after GC invocations=2446 (full 10):
 def new generation   total 9408K, used 1K [0x04a00000, 0x05430000, 0x09f50000)
  eden space 8384K,   0% used [0x04a00000, 0x04a00000, 0x05230000)
  from space 1024K,   0% used [0x05230000, 0x052305b0, 0x05330000)
  to   space 1024K,   0% used [0x05330000, 0x05330000, 0x05430000)
 tenured generation   total 20724K, used 12042K [0x09f50000, 0x0b38d000, 0x14a00000)
   the space 20724K,  58% used [0x09f50000, 0x0ab12940, 0x0ab12a00, 0x0b38d000)
 Metaspace       used 13494K, capacity 14252K, committed 14336K, reserved 14720K
}
Event: 86.860 GC heap before
{Heap before GC invocations=2446 (full 10):
 def new generation   total 9408K, used 8385K [0x04a00000, 0x05430000, 0x09f50000)
  eden space 8384K, 100% used [0x04a00000, 0x05230000, 0x05230000)
  from space 1024K,   0% used [0x05230000, 0x052305b0, 0x05330000)
  to   space 1024K,   0% used [0x05330000, 0x05330000, 0x05430000)
 tenured generation   total 20724K, used 12042K [0x09f50000, 0x0b38d000, 0x14a00000)
   the space 20724K,  58% used [0x09f50000, 0x0ab12940, 0x0ab12a00, 0x0b38d000)
 Metaspace       used 13494K, capacity 14252K, committed 14336K, reserved 14720K
Event: 86.861 GC heap after
Heap after GC invocations=2447 (full 10):
 def new generation   total 9408K, used 1K [0x04a00000, 0x05430000, 0x09f50000)
  eden space 8384K,   0% used [0x04a00000, 0x04a00000, 0x05230000)
  from space 1024K,   0% used [0x05330000, 0x05330560, 0x05430000)
  to   space 1024K,   0% used [0x05230000, 0x05230000, 0x05330000)
 tenured generation   total 20724K, used 12042K [0x09f50000, 0x0b38d000, 0x14a00000)
   the space 20724K,  58% used [0x09f50000, 0x0ab12940, 0x0ab12a00, 0x0b38d000)
 Metaspace       used 13494K, capacity 14252K, committed 14336K, reserved 14720K
}
Event: 86.878 GC heap before
{Heap before GC invocations=2447 (full 10):
 def new generation   total 9408K, used 8385K [0x04a00000, 0x05430000, 0x09f50000)
  eden space 8384K, 100% used [0x04a00000, 0x05230000, 0x05230000)
  from space 1024K,   0% used [0x05330000, 0x05330560, 0x05430000)
  to   space 1024K,   0% used [0x05230000, 0x05230000, 0x05330000)
 tenured generation   total 20724K, used 12042K [0x09f50000, 0x0b38d000, 0x14a00000)
   the space 20724K,  58% used [0x09f50000, 0x0ab12940, 0x0ab12a00, 0x0b38d000)
 Metaspace       used 13494K, capacity 14252K, committed 14336K, reserved 14720K
Event: 86.879 GC heap after
Heap after GC invocations=2448 (full 10):
 def new generation   total 9408K, used 1K [0x04a00000, 0x05430000, 0x09f50000)
  eden space 8384K,   0% used [0x04a00000, 0x04a00000, 0x05230000)
  from space 1024K,   0% used [0x05230000, 0x052305d8, 0x05330000)
  to   space 1024K,   0% used [0x05330000, 0x05330000, 0x05430000)
 tenured generation   total 20724K, used 12042K [0x09f50000, 0x0b38d000, 0x14a00000)
   the space 20724K,  58% used [0x09f50000, 0x0ab12940, 0x0ab12a00, 0x0b38d000)
 Metaspace       used 13494K, capacity 14252K, committed 14336K, reserved 14720K
}

