# JRE version: Java(TM) SE Runtime Environment (8.0_60-b27) (build 1.8.0_60-b27)
# Java VM: Java HotSpot(TM) Client VM (25.60-b23 mixed mode, sharing windows-x86 )
Heap:
 def new generation   total 9536K, used 6469K [0x04800000, 0x05250000, 0x09d50000)
  eden space 8512K,  76% used [0x04800000, 0x04e51510, 0x05050000)
  from space 1024K,   0% used [0x05150000, 0x05150070, 0x05250000)
  to   space 1024K,   0% used [0x05050000, 0x05050000, 0x05150000)
 tenured generation   total 21056K, used 11448K [0x09d50000, 0x0b1e0000, 0x14800000)
   the space 21056K,  54% used [0x09d50000, 0x0a87e310, 0x0a87e400, 0x0b1e0000)
 Metaspace       used 10085K, capacity 10828K, committed 10880K, reserved 11648K
GC Heap History (10 events):
Event: 174.163 GC heap before
{Heap before GC invocations=3666 (full 13):
 def new generation   total 9536K, used 9020K [0x04800000, 0x05250000, 0x09d50000)
  eden space 8512K, 100% used [0x04800000, 0x05050000, 0x05050000)
  from space 1024K,  49% used [0x05050000, 0x050cf298, 0x05150000)
  to   space 1024K,   0% used [0x05150000, 0x05150000, 0x05250000)
 tenured generation   total 21056K, used 21043K [0x09d50000, 0x0b1e0000, 0x14800000)
   the space 21056K,  99% used [0x09d50000, 0x0b1dcc10, 0x0b1dce00, 0x0b1e0000)
 Metaspace       used 10085K, capacity 10828K, committed 10880K, reserved 11648K
Event: 174.164 GC heap after
Heap after GC invocations=3667 (full 13):
 def new generation   total 9536K, used 508K [0x04800000, 0x05250000, 0x09d50000)
  eden space 8512K,   0% used [0x04800000, 0x04800000, 0x05050000)
  from space 1024K,  49% used [0x05150000, 0x051cf298, 0x05250000)
  to   space 1024K,   0% used [0x05050000, 0x05050000, 0x05150000)
 tenured generation   total 21056K, used 21043K [0x09d50000, 0x0b1e0000, 0x14800000)
   the space 21056K,  99% used [0x09d50000, 0x0b1dcc10, 0x0b1dce00, 0x0b1e0000)
 Metaspace       used 10085K, capacity 10828K, committed 10880K, reserved 11648K
}
Event: 174.183 GC heap before
{Heap before GC invocations=3667 (full 13):
 def new generation   total 9536K, used 9020K [0x04800000, 0x05250000, 0x09d50000)
  eden space 8512K, 100% used [0x04800000, 0x05050000, 0x05050000)
  from space 1024K,  49% used [0x05150000, 0x051cf298, 0x05250000)
  to   space 1024K,   0% used [0x05050000, 0x05050000, 0x05150000)
 tenured generation   total 21056K, used 21043K [0x09d50000, 0x0b1e0000, 0x14800000)
   the space 21056K,  99% used [0x09d50000, 0x0b1dcc10, 0x0b1dce00, 0x0b1e0000)
 Metaspace       used 10085K, capacity 10828K, committed 10880K, reserved 11648K
Event: 174.184 GC heap after
Heap after GC invocations=3668 (full 13):
 def new generation   total 9536K, used 508K [0x04800000, 0x05250000, 0x09d50000)
  eden space 8512K,   0% used [0x04800000, 0x04800000, 0x05050000)
  from space 1024K,  49% used [0x05050000, 0x050cf298, 0x05150000)
  to   space 1024K,   0% used [0x05150000, 0x05150000, 0x05250000)
 tenured generation   total 21056K, used 21043K [0x09d50000, 0x0b1e0000, 0x14800000)
   the space 21056K,  99% used [0x09d50000, 0x0b1dcc10, 0x0b1dce00, 0x0b1e0000)
 Metaspace       used 10085K, capacity 10828K, committed 10880K, reserved 11648K
}
Event: 174.203 GC heap before
{Heap before GC invocations=3668 (full 13):
 def new generation   total 9536K, used 9020K [0x04800000, 0x05250000, 0x09d50000)
  eden space 8512K, 100% used [0x04800000, 0x05050000, 0x05050000)
  from space 1024K,  49% used [0x05050000, 0x050cf298, 0x05150000)
  to   space 1024K,   0% used [0x05150000, 0x05150000, 0x05250000)
 tenured generation   total 21056K, used 21043K [0x09d50000, 0x0b1e0000, 0x14800000)
   the space 21056K,  99% used [0x09d50000, 0x0b1dcc10, 0x0b1dce00, 0x0b1e0000)
 Metaspace       used 10085K, capacity 10828K, committed 10880K, reserved 11648K
Event: 174.229 GC heap after
Heap after GC invocations=3669 (full 14):
 def new generation   total 9536K, used 0K [0x04800000, 0x05250000, 0x09d50000)
  eden space 8512K,   0% used [0x04800000, 0x04800000, 0x05050000)
  from space 1024K,   0% used [0x05150000, 0x05150000, 0x05250000)
  to   space 1024K,   0% used [0x05050000, 0x05050000, 0x05150000)
 tenured generation   total 21056K, used 11448K [0x09d50000, 0x0b1e0000, 0x14800000)
   the space 21056K,  54% used [0x09d50000, 0x0a87e310, 0x0a87e400, 0x0b1e0000)
 Metaspace       used 10085K, capacity 10828K, committed 10880K, reserved 11648K
}
Event: 174.248 GC heap before
{Heap before GC invocations=3669 (full 14):
 def new generation   total 9536K, used 8512K [0x04800000, 0x05250000, 0x09d50000)
  eden space 8512K, 100% used [0x04800000, 0x05050000, 0x05050000)
  from space 1024K,   0% used [0x05150000, 0x05150000, 0x05250000)
  to   space 1024K,   0% used [0x05050000, 0x05050000, 0x05150000)
 tenured generation   total 21056K, used 11448K [0x09d50000, 0x0b1e0000, 0x14800000)
   the space 21056K,  54% used [0x09d50000, 0x0a87e310, 0x0a87e400, 0x0b1e0000)
 Metaspace       used 10085K, capacity 10828K, committed 10880K, reserved 11648K
Event: 174.249 GC heap after
Heap after GC invocations=3670 (full 14):
 def new generation   total 9536K, used 0K [0x04800000, 0x05250000, 0x09d50000)
  eden space 8512K,   0% used [0x04800000, 0x04800000, 0x05050000)
  from space 1024K,   0% used [0x05050000, 0x05050090, 0x05150000)
  to   space 1024K,   0% used [0x05150000, 0x05150000, 0x05250000)
 tenured generation   total 21056K, used 11448K [0x09d50000, 0x0b1e0000, 0x14800000)
   the space 21056K,  54% used [0x09d50000, 0x0a87e310, 0x0a87e400, 0x0b1e0000)
 Metaspace       used 10085K, capacity 10828K, committed 10880K, reserved 11648K
}
Event: 174.268 GC heap before
{Heap before GC invocations=3670 (full 14):
 def new generation   total 9536K, used 8512K [0x04800000, 0x05250000, 0x09d50000)
  eden space 8512K, 100% used [0x04800000, 0x05050000, 0x05050000)
  from space 1024K,   0% used [0x05050000, 0x05050090, 0x05150000)
  to   space 1024K,   0% used [0x05150000, 0x05150000, 0x05250000)
 tenured generation   total 21056K, used 11448K [0x09d50000, 0x0b1e0000, 0x14800000)
   the space 21056K,  54% used [0x09d50000, 0x0a87e310, 0x0a87e400, 0x0b1e0000)
 Metaspace       used 10085K, capacity 10828K, committed 10880K, reserved 11648K
Event: 174.268 GC heap after
Heap after GC invocations=3671 (full 14):
 def new generation   total 9536K, used 0K [0x04800000, 0x05250000, 0x09d50000)
  eden space 8512K,   0% used [0x04800000, 0x04800000, 0x05050000)
  from space 1024K,   0% used [0x05150000, 0x05150070, 0x05250000)
  to   space 1024K,   0% used [0x05050000, 0x05050000, 0x05150000)
 tenured generation   total 21056K, used 11448K [0x09d50000, 0x0b1e0000, 0x14800000)
   the space 21056K,  54% used [0x09d50000, 0x0a87e310, 0x0a87e400, 0x0b1e0000)
 Metaspace       used 10085K, capacity 10828K, committed 10880K, reserved 11648K
}

