# JRE version: Java(TM) SE Runtime Environment (8.0_60-b27) (build 1.8.0_60-b27)
# Java VM: Java HotSpot(TM) Client VM (25.60-b23 mixed mode, sharing windows-x86 )
Heap:
 def new generation   total 8768K, used 7514K [0x04800000, 0x05180000, 0x09d50000)
  eden space 7808K,  83% used [0x04800000, 0x04e66be8, 0x04fa0000)
  from space 960K, 100% used [0x05090000, 0x05180000, 0x05180000)
  to   space 960K,   0% used [0x04fa0000, 0x04fa0000, 0x05090000)
 tenured generation   total 19308K, used 16721K [0x09d50000, 0x0b02b000, 0x14800000)
   the space 19308K,  86% used [0x09d50000, 0x0ada4660, 0x0ada4800, 0x0b02b000)
 Metaspace       used 12759K, capacity 13518K, committed 13568K, reserved 13696K
GC Heap History (10 events):
Event: 2.430 GC heap before
{Heap before GC invocations=9 (full 0):
 def new generation   total 4928K, used 4522K [0x04800000, 0x04d50000, 0x09d50000)
  eden space 4416K, 100% used [0x04800000, 0x04c50000, 0x04c50000)
  from space 512K,  20% used [0x04cd0000, 0x04ceab88, 0x04d50000)
  to   space 512K,   0% used [0x04c50000, 0x04c50000, 0x04cd0000)
 tenured generation   total 10944K, used 9621K [0x09d50000, 0x0a800000, 0x14800000)
   the space 10944K,  87% used [0x09d50000, 0x0a6b57a0, 0x0a6b5800, 0x0a800000)
 Metaspace       used 9184K, capacity 9846K, committed 9856K, reserved 10624K
Event: 2.434 GC heap after
Heap after GC invocations=10 (full 0):
 def new generation   total 4928K, used 512K [0x04800000, 0x04d50000, 0x09d50000)
  eden space 4416K,   0% used [0x04800000, 0x04800000, 0x04c50000)
  from space 512K, 100% used [0x04c50000, 0x04cd0000, 0x04cd0000)
  to   space 512K,   0% used [0x04cd0000, 0x04cd0000, 0x04d50000)
 tenured generation   total 10944K, used 10463K [0x09d50000, 0x0a800000, 0x14800000)
   the space 10944K,  95% used [0x09d50000, 0x0a787d60, 0x0a787e00, 0x0a800000)
 Metaspace       used 9184K, capacity 9846K, committed 9856K, reserved 10624K
}
Event: 2.496 GC heap before
{Heap before GC invocations=10 (full 0):
 def new generation   total 4928K, used 4928K [0x04800000, 0x04d50000, 0x09d50000)
  eden space 4416K, 100% used [0x04800000, 0x04c50000, 0x04c50000)
  from space 512K, 100% used [0x04c50000, 0x04cd0000, 0x04cd0000)
  to   space 512K,   0% used [0x04cd0000, 0x04cd0000, 0x04d50000)
 tenured generation   total 10944K, used 10463K [0x09d50000, 0x0a800000, 0x14800000)
   the space 10944K,  95% used [0x09d50000, 0x0a787d60, 0x0a787e00, 0x0a800000)
 Metaspace       used 9657K, capacity 10272K, committed 10368K, reserved 10624K
Event: 2.518 GC heap after
Heap after GC invocations=11 (full 1):
 def new generation   total 8768K, used 341K [0x04800000, 0x05180000, 0x09d50000)
  eden space 7808K,   4% used [0x04800000, 0x04855710, 0x04fa0000)
  from space 960K,   0% used [0x04fa0000, 0x04fa0000, 0x05090000)
  to   space 960K,   0% used [0x05090000, 0x05090000, 0x05180000)
 tenured generation   total 19308K, used 11583K [0x09d50000, 0x0b02b000, 0x14800000)
   the space 19308K,  59% used [0x09d50000, 0x0a89fd30, 0x0a89fe00, 0x0b02b000)
 Metaspace       used 9657K, capacity 10272K, committed 10368K, reserved 10624K
}
Event: 2.642 GC heap before
{Heap before GC invocations=11 (full 1):
 def new generation   total 8768K, used 7808K [0x04800000, 0x05180000, 0x09d50000)
  eden space 7808K, 100% used [0x04800000, 0x04fa0000, 0x04fa0000)
  from space 960K,   0% used [0x04fa0000, 0x04fa0000, 0x05090000)
  to   space 960K,   0% used [0x05090000, 0x05090000, 0x05180000)
 tenured generation   total 19308K, used 11583K [0x09d50000, 0x0b02b000, 0x14800000)
   the space 19308K,  59% used [0x09d50000, 0x0a89fd30, 0x0a89fe00, 0x0b02b000)
 Metaspace       used 10916K, capacity 11552K, committed 11648K, reserved 11648K
Event: 2.649 GC heap after
Heap after GC invocations=12 (full 1):
 def new generation   total 8768K, used 959K [0x04800000, 0x05180000, 0x09d50000)
  eden space 7808K,   0% used [0x04800000, 0x04800000, 0x04fa0000)
  from space 960K,  99% used [0x05090000, 0x0517fff8, 0x05180000)
  to   space 960K,   0% used [0x04fa0000, 0x04fa0000, 0x05090000)
 tenured generation   total 19308K, used 12723K [0x09d50000, 0x0b02b000, 0x14800000)
   the space 19308K,  65% used [0x09d50000, 0x0a9bccb0, 0x0a9bce00, 0x0b02b000)
 Metaspace       used 10916K, capacity 11552K, committed 11648K, reserved 11648K
}
Event: 2.741 GC heap before
{Heap before GC invocations=12 (full 1):
 def new generation   total 8768K, used 8767K [0x04800000, 0x05180000, 0x09d50000)
  eden space 7808K, 100% used [0x04800000, 0x04fa0000, 0x04fa0000)
  from space 960K,  99% used [0x05090000, 0x0517fff8, 0x05180000)
  to   space 960K,   0% used [0x04fa0000, 0x04fa0000, 0x05090000)
 tenured generation   total 19308K, used 12723K [0x09d50000, 0x0b02b000, 0x14800000)
   the space 19308K,  65% used [0x09d50000, 0x0a9bccb0, 0x0a9bce00, 0x0b02b000)
 Metaspace       used 11538K, capacity 12235K, committed 12288K, reserved 12672K
Event: 2.745 GC heap after
Heap after GC invocations=13 (full 1):
 def new generation   total 8768K, used 790K [0x04800000, 0x05180000, 0x09d50000)
  eden space 7808K,   0% used [0x04800000, 0x04800000, 0x04fa0000)
  from space 960K,  82% used [0x04fa0000, 0x050658d0, 0x05090000)
  to   space 960K,   0% used [0x05090000, 0x05090000, 0x05180000)
 tenured generation   total 19308K, used 15289K [0x09d50000, 0x0b02b000, 0x14800000)
   the space 19308K,  79% used [0x09d50000, 0x0ac3e7f0, 0x0ac3e800, 0x0b02b000)
 Metaspace       used 11538K, capacity 12235K, committed 12288K, reserved 12672K
}
Event: 2.836 GC heap before
{Heap before GC invocations=13 (full 1):
 def new generation   total 8768K, used 8598K [0x04800000, 0x05180000, 0x09d50000)
  eden space 7808K, 100% used [0x04800000, 0x04fa0000, 0x04fa0000)
  from space 960K,  82% used [0x04fa0000, 0x050658d0, 0x05090000)
  to   space 960K,   0% used [0x05090000, 0x05090000, 0x05180000)
 tenured generation   total 19308K, used 15289K [0x09d50000, 0x0b02b000, 0x14800000)
   the space 19308K,  79% used [0x09d50000, 0x0ac3e7f0, 0x0ac3e800, 0x0b02b000)
 Metaspace       used 11916K, capacity 12695K, committed 12800K, reserved 13696K
Event: 2.842 GC heap after
Heap after GC invocations=14 (full 1):
 def new generation   total 8768K, used 960K [0x04800000, 0x05180000, 0x09d50000)
  eden space 7808K,   0% used [0x04800000, 0x04800000, 0x04fa0000)
  from space 960K, 100% used [0x05090000, 0x05180000, 0x05180000)
  to   space 960K,   0% used [0x04fa0000, 0x04fa0000, 0x05090000)
 tenured generation   total 19308K, used 16721K [0x09d50000, 0x0b02b000, 0x14800000)
   the space 19308K,  86% used [0x09d50000, 0x0ada4660, 0x0ada4800, 0x0b02b000)
 Metaspace       used 11916K, capacity 12695K, committed 12800K, reserved 13696K
}

